[2020-06-30T11:46:04.310] [DEBUG] cheese - login => username:admin,password:123456
[2020-06-30T11:46:04.313] [DEBUG] cheese - admin
[2020-06-30T11:46:04.330] [DEBUG] cheese - null
[2020-06-30T11:46:04.330] [DEBUG] cheese - null
[2020-06-30T16:26:45.202] [DEBUG] cheese - login => username:admin,password:123456
[2020-06-30T16:26:45.205] [DEBUG] cheese - admin
[2020-06-30T16:26:45.234] [DEBUG] cheese - null
[2020-06-30T16:26:45.235] [DEBUG] cheese - null
[2020-06-30T16:27:25.732] [DEBUG] cheese - login => username:admin,password:123456
[2020-06-30T16:27:25.732] [DEBUG] cheese - admin
[2020-06-30T16:27:25.738] [DEBUG] cheese - null
[2020-06-30T16:27:25.738] [DEBUG] cheese - null
[2020-06-30T16:27:30.920] [DEBUG] cheese - login => username:admin,password:123456
[2020-06-30T16:27:30.920] [DEBUG] cheese - admin
[2020-06-30T16:27:30.923] [DEBUG] cheese - null
[2020-06-30T16:27:30.923] [DEBUG] cheese - null
[2020-06-30T16:31:16.157] [DEBUG] cheese - login => username:admin,password:123456
[2020-06-30T16:31:16.158] [DEBUG] cheese - admin
[2020-06-30T16:31:16.164] [DEBUG] cheese - null
[2020-06-30T16:31:16.164] [DEBUG] cheese - null
[2020-06-30T16:31:56.582] [DEBUG] cheese - login => username:admin,password:123456
[2020-06-30T16:31:56.583] [DEBUG] cheese - admin
[2020-06-30T16:31:56.589] [DEBUG] cheese - null
[2020-06-30T16:31:56.589] [DEBUG] cheese - null
[2020-06-30T16:36:09.063] [DEBUG] cheese - login => username:admin,password:123456
[2020-06-30T16:36:09.063] [DEBUG] cheese - admin
[2020-06-30T16:36:09.069] [DEBUG] cheese - null
[2020-06-30T16:36:09.069] [DEBUG] cheese - null
[2020-06-30T16:36:36.436] [DEBUG] cheese - login => username:admin,password:123456
[2020-06-30T16:36:36.436] [DEBUG] cheese - admin
[2020-06-30T16:36:36.439] [DEBUG] cheese - null
[2020-06-30T16:36:36.440] [DEBUG] cheese - null
[2020-06-30T17:52:17.190] [DEBUG] cheese - login => username:admin,password:123456
[2020-06-30T17:52:17.192] [DEBUG] cheese - admin
[2020-06-30T17:52:17.201] [DEBUG] cheese - null
[2020-06-30T17:52:17.202] [DEBUG] cheese - null
[2020-06-30T17:52:58.923] [DEBUG] cheese - login => username:admin,password:123456
[2020-06-30T17:52:58.923] [DEBUG] cheese - admin
[2020-06-30T17:52:58.928] [DEBUG] cheese - null
[2020-06-30T17:52:58.929] [DEBUG] cheese - null
[2020-06-30T17:53:11.446] [DEBUG] cheese - login => username:admin,password:123456
[2020-06-30T17:53:11.447] [DEBUG] cheese - admin
[2020-06-30T17:53:11.450] [DEBUG] cheese - null
[2020-06-30T17:53:11.450] [DEBUG] cheese - null
[2020-06-30T17:53:51.786] [DEBUG] cheese - login => username:admin,password:123456
[2020-06-30T17:53:51.786] [DEBUG] cheese - admin
[2020-06-30T17:53:51.789] [DEBUG] cheese - null
[2020-06-30T17:53:51.790] [DEBUG] cheese - null
[2020-06-30T17:55:15.569] [DEBUG] cheese - login => username:admin,password:123456
[2020-06-30T17:55:15.569] [DEBUG] cheese - admin
[2020-06-30T17:55:15.573] [DEBUG] cheese - null
[2020-06-30T17:55:15.573] [DEBUG] cheese - null
[2020-06-30T17:55:19.083] [DEBUG] cheese - login => username:admin12,password:123456
[2020-06-30T17:55:19.083] [DEBUG] cheese - admin12
[2020-06-30T17:55:19.093] [DEBUG] cheese - null
[2020-06-30T17:55:19.094] [DEBUG] cheese - null
[2020-06-30T17:55:42.280] [DEBUG] cheese - login => username:a,password:123456
[2020-06-30T17:55:42.280] [DEBUG] cheese - a
[2020-06-30T17:55:42.284] [DEBUG] cheese - null
[2020-06-30T17:55:42.284] [DEBUG] cheese - null
[2020-06-30T17:55:46.780] [DEBUG] cheese - login => username:a,password:a
[2020-06-30T17:55:46.780] [DEBUG] cheese - a
[2020-06-30T17:55:46.783] [DEBUG] cheese - null
[2020-06-30T17:55:46.783] [DEBUG] cheese - null
[2020-06-30T17:56:46.836] [DEBUG] cheese - login => username:admin,password:admin
[2020-06-30T17:56:46.837] [DEBUG] cheese - admin
[2020-06-30T17:56:46.841] [DEBUG] cheese - null
[2020-06-30T17:56:46.841] [DEBUG] cheese - null
[2020-06-30T17:57:01.616] [DEBUG] cheese - login => username:admin,password:admin
[2020-06-30T17:57:01.616] [DEBUG] cheese - admin
[2020-06-30T17:57:01.620] [DEBUG] cheese - null
[2020-06-30T17:57:01.620] [DEBUG] cheese - null
[2020-06-30T17:57:09.976] [DEBUG] cheese - login => username:admin,password:123456
[2020-06-30T17:57:09.976] [DEBUG] cheese - admin
[2020-06-30T17:57:09.979] [DEBUG] cheese - null
[2020-06-30T17:57:09.979] [DEBUG] cheese - null
[2020-06-30T17:58:55.005] [DEBUG] cheese - login => username:asdasda,password:sdasdasd
[2020-06-30T17:58:55.005] [DEBUG] cheese - asdasda
[2020-06-30T17:58:55.008] [DEBUG] cheese - null
[2020-06-30T17:58:55.008] [DEBUG] cheese - null
[2020-06-30T17:59:04.346] [DEBUG] cheese - login => username:admin,password:123456
[2020-06-30T17:59:04.346] [DEBUG] cheese - admin
[2020-06-30T17:59:04.349] [DEBUG] cheese - null
[2020-06-30T17:59:04.349] [DEBUG] cheese - null
[2020-07-01T12:04:00.040] [DEBUG] cheese - login => username:admin,password:123456
[2020-07-01T12:04:00.042] [DEBUG] cheese - admin
[2020-07-01T12:04:00.069] [DEBUG] cheese - null
[2020-07-01T12:04:00.069] [DEBUG] cheese - null
[2020-07-01T12:39:32.994] [DEBUG] cheese - login => username:admin,password:123456
[2020-07-01T12:39:32.994] [DEBUG] cheese - admin
[2020-07-01T12:39:32.999] [DEBUG] cheese - null
[2020-07-01T12:39:32.999] [DEBUG] cheese - null
[2020-07-01T16:39:13.439] [DEBUG] cheese - login => username:admin,password:123456
[2020-07-01T16:39:13.442] [DEBUG] cheese - admin
[2020-07-01T16:39:13.475] [DEBUG] cheese - null
[2020-07-01T16:39:13.476] [DEBUG] cheese - null
[2020-07-01T16:41:35.931] [DEBUG] cheese - login => username:admin,password:admin
[2020-07-01T16:41:35.931] [DEBUG] cheese - admin
[2020-07-01T16:41:35.936] [DEBUG] cheese - null
[2020-07-01T16:41:35.936] [DEBUG] cheese - null
[2020-07-01T16:41:40.283] [DEBUG] cheese - login => username:admin,password:123456
[2020-07-01T16:41:40.283] [DEBUG] cheese - admin
[2020-07-01T16:41:40.286] [DEBUG] cheese - null
[2020-07-01T16:41:40.286] [DEBUG] cheese - null
[2020-07-01T16:42:41.415] [DEBUG] cheese - login => username:admin,password:admin
[2020-07-01T16:42:41.415] [DEBUG] cheese - admin
[2020-07-01T16:42:41.419] [DEBUG] cheese - null
[2020-07-01T16:42:41.419] [DEBUG] cheese - null
[2020-07-01T16:43:01.597] [DEBUG] cheese - login => username:admin,password:admin
[2020-07-01T16:43:01.597] [DEBUG] cheese - admin
[2020-07-01T16:43:01.601] [DEBUG] cheese - null
[2020-07-01T16:43:01.601] [DEBUG] cheese - null
[2020-07-01T16:43:21.633] [DEBUG] cheese - login => username:admin,password:123456
[2020-07-01T16:43:21.633] [DEBUG] cheese - admin
[2020-07-01T16:43:21.638] [DEBUG] cheese - null
[2020-07-01T16:43:21.638] [DEBUG] cheese - null
[2020-07-01T16:43:46.945] [DEBUG] cheese - login => username:admin,password:admin
[2020-07-01T16:43:46.945] [DEBUG] cheese - admin
[2020-07-01T16:43:46.950] [DEBUG] cheese - null
[2020-07-01T16:43:46.950] [DEBUG] cheese - null
[2020-07-01T16:43:59.128] [DEBUG] cheese - login => username:admin,password:sldkjlskdf
[2020-07-01T16:43:59.128] [DEBUG] cheese - admin
[2020-07-01T16:43:59.133] [DEBUG] cheese - null
[2020-07-01T16:43:59.133] [DEBUG] cheese - null
[2020-07-01T16:44:25.847] [DEBUG] cheese - login => username:admin,password:sldkjlskdf
[2020-07-01T16:44:25.847] [DEBUG] cheese - admin
[2020-07-01T16:44:25.851] [DEBUG] cheese - null
[2020-07-01T16:44:25.851] [DEBUG] cheese - null
[2020-07-01T16:44:26.391] [DEBUG] cheese - login => username:admin,password:sldkjlskdf
[2020-07-01T16:44:26.391] [DEBUG] cheese - admin
[2020-07-01T16:44:26.394] [DEBUG] cheese - null
[2020-07-01T16:44:26.394] [DEBUG] cheese - null
[2020-07-01T16:44:26.659] [DEBUG] cheese - login => username:admin,password:sldkjlskdf
[2020-07-01T16:44:26.659] [DEBUG] cheese - admin
[2020-07-01T16:44:26.663] [DEBUG] cheese - null
[2020-07-01T16:44:26.663] [DEBUG] cheese - null
[2020-07-01T16:44:26.991] [DEBUG] cheese - login => username:admin,password:sldkjlskdf
[2020-07-01T16:44:26.991] [DEBUG] cheese - admin
[2020-07-01T16:44:26.995] [DEBUG] cheese - null
[2020-07-01T16:44:26.996] [DEBUG] cheese - null
[2020-07-01T16:44:50.963] [DEBUG] cheese - login => username:asdasd,password:123123123
[2020-07-01T16:44:50.963] [DEBUG] cheese - asdasd
[2020-07-01T16:44:50.966] [DEBUG] cheese - null
[2020-07-01T16:44:50.966] [DEBUG] cheese - null
[2020-07-01T16:44:53.037] [DEBUG] cheese - login => username:asdasd,password:123123123
[2020-07-01T16:44:53.037] [DEBUG] cheese - asdasd
[2020-07-01T16:44:53.041] [DEBUG] cheese - null
[2020-07-01T16:44:53.041] [DEBUG] cheese - null
[2020-07-01T16:45:14.154] [DEBUG] cheese - login => username:admin,password:123456
[2020-07-01T16:45:14.154] [DEBUG] cheese - admin
[2020-07-01T16:45:14.158] [DEBUG] cheese - null
[2020-07-01T16:45:14.158] [DEBUG] cheese - null
[2020-07-01T16:45:45.273] [DEBUG] cheese - login => username:admin,password:123456
[2020-07-01T16:45:45.274] [DEBUG] cheese - admin
[2020-07-01T16:45:45.278] [DEBUG] cheese - null
[2020-07-01T16:45:45.278] [DEBUG] cheese - null
[2020-07-01T16:46:01.758] [DEBUG] cheese - login => username:admin,password:123456
[2020-07-01T16:46:01.759] [DEBUG] cheese - admin
[2020-07-01T16:46:01.763] [DEBUG] cheese - null
[2020-07-01T16:46:01.763] [DEBUG] cheese - null
[2020-07-01T16:46:44.202] [DEBUG] cheese - login => username:admin,password:123456
[2020-07-01T16:46:44.202] [DEBUG] cheese - admin
[2020-07-01T16:46:44.206] [DEBUG] cheese - null
[2020-07-01T16:46:44.206] [DEBUG] cheese - null
[2020-07-01T16:51:06.294] [DEBUG] cheese - login => username:admin,password:123456
[2020-07-01T16:51:06.294] [DEBUG] cheese - admin
[2020-07-01T16:51:06.299] [DEBUG] cheese - null
[2020-07-01T16:51:06.299] [DEBUG] cheese - null
[2020-07-01T16:52:01.916] [DEBUG] cheese - login => username:admin,password:123456
[2020-07-01T16:52:01.917] [DEBUG] cheese - admin
[2020-07-01T16:52:01.921] [DEBUG] cheese - null
[2020-07-01T16:52:01.921] [DEBUG] cheese - null
[2020-07-01T16:52:17.627] [DEBUG] cheese - login => username:admin,password:123456
[2020-07-01T16:52:17.627] [DEBUG] cheese - admin
[2020-07-01T16:52:17.632] [DEBUG] cheese - null
[2020-07-01T16:52:17.632] [DEBUG] cheese - null
[2020-07-01T16:52:45.496] [DEBUG] cheese - login => username:admin,password:123456
[2020-07-01T16:52:45.496] [DEBUG] cheese - admin
[2020-07-01T16:52:45.500] [DEBUG] cheese - null
[2020-07-01T16:52:45.500] [DEBUG] cheese - null
[2020-07-01T17:13:10.432] [DEBUG] cheese - login => username:admin,password:123456
[2020-07-01T17:13:10.432] [DEBUG] cheese - admin
[2020-07-01T17:13:10.436] [DEBUG] cheese - null
[2020-07-01T17:13:10.436] [DEBUG] cheese - null
[2020-07-01T17:13:51.639] [DEBUG] cheese - login => username:admin,password:123456
[2020-07-01T17:13:51.640] [DEBUG] cheese - admin
[2020-07-01T17:13:51.643] [DEBUG] cheese - null
[2020-07-01T17:13:51.643] [DEBUG] cheese - null
[2020-07-01T17:16:02.171] [DEBUG] cheese - login => username:admin,password:123456
[2020-07-01T17:16:02.172] [DEBUG] cheese - admin
[2020-07-01T17:16:02.175] [DEBUG] cheese - null
[2020-07-01T17:16:02.175] [DEBUG] cheese - null
[2020-07-01T17:27:22.035] [DEBUG] cheese - login => username:admin,password:123456
[2020-07-01T17:27:22.035] [DEBUG] cheese - admin
[2020-07-01T17:27:22.039] [DEBUG] cheese - null
[2020-07-01T17:27:22.039] [DEBUG] cheese - null
[2020-07-02T11:21:59.946] [DEBUG] cheese - login => username:admin,password:123456
[2020-07-02T11:21:59.950] [DEBUG] cheese - admin
[2020-07-02T11:21:59.985] [DEBUG] cheese - null
[2020-07-02T11:21:59.985] [DEBUG] cheese - null
[2020-12-03T15:31:12.864] [DEBUG] cheese - login => username:admin,password:123456
[2020-12-03T15:31:12.867] [DEBUG] cheese - admin
[2020-12-03T15:31:12.901] [DEBUG] cheese - null
[2020-12-03T15:31:12.902] [DEBUG] cheese - null
[2020-12-03T15:56:58.863] [DEBUG] cheese - login => username:admin,password:123456
[2020-12-03T15:56:58.863] [DEBUG] cheese - admin
[2020-12-03T15:56:58.893] [DEBUG] cheese - null
[2020-12-03T15:56:58.893] [DEBUG] cheese - null
[2020-12-03T15:59:01.759] [DEBUG] cheese - login => username:admin,password:123456
[2020-12-03T15:59:01.759] [DEBUG] cheese - admin
[2020-12-03T15:59:01.765] [DEBUG] cheese - null
[2020-12-03T15:59:01.765] [DEBUG] cheese - null
[2020-12-03T15:59:10.275] [DEBUG] cheese - login => username:admin,password:123456
[2020-12-03T15:59:10.275] [DEBUG] cheese - admin
[2020-12-03T15:59:10.294] [DEBUG] cheese - null
[2020-12-03T15:59:10.294] [DEBUG] cheese - null
[2020-12-03T17:50:11.578] [DEBUG] cheese - login => username:admin,password:123456
[2020-12-03T17:50:11.579] [DEBUG] cheese - admin
[2020-12-03T17:50:11.613] [DEBUG] cheese - null
[2020-12-03T17:50:11.613] [DEBUG] cheese - null
[2020-12-03T17:51:06.577] [DEBUG] cheese - login => username:123,password:123123
[2020-12-03T17:51:06.578] [DEBUG] cheese - 123
[2020-12-03T17:51:06.584] [DEBUG] cheese - null
[2020-12-03T17:51:06.584] [DEBUG] cheese - null
[2020-12-03T17:52:16.560] [DEBUG] cheese - login => username:123,password:123123
[2020-12-03T17:52:16.561] [DEBUG] cheese - 123
[2020-12-03T17:52:16.563] [DEBUG] cheese - null
[2020-12-03T17:52:16.563] [DEBUG] cheese - null
[2020-12-03T17:53:34.129] [DEBUG] cheese - login => username:123,password:123123
[2020-12-03T17:53:34.129] [DEBUG] cheese - 123
[2020-12-03T17:53:34.131] [DEBUG] cheese - null
[2020-12-03T17:53:34.131] [DEBUG] cheese - null
[2020-12-03T17:53:54.825] [DEBUG] cheese - login => username:admin,password:123456
[2020-12-03T17:53:54.825] [DEBUG] cheese - admin
[2020-12-03T17:53:54.829] [DEBUG] cheese - null
[2020-12-03T17:53:54.829] [DEBUG] cheese - null
[2020-12-03T17:53:56.137] [DEBUG] cheese - login => username:admin,password:123456
[2020-12-03T17:53:56.137] [DEBUG] cheese - admin
[2020-12-03T17:53:56.140] [DEBUG] cheese - null
[2020-12-03T17:53:56.140] [DEBUG] cheese - null
[2020-12-03T17:54:03.440] [DEBUG] cheese - login => username:admin,password:123456
[2020-12-03T17:54:03.440] [DEBUG] cheese - admin
[2020-12-03T17:54:03.444] [DEBUG] cheese - null
[2020-12-03T17:54:03.444] [DEBUG] cheese - null
[2020-12-03T17:55:27.172] [DEBUG] cheese - login => username:admin,password:123456
[2020-12-03T17:55:27.172] [DEBUG] cheese - admin
[2020-12-03T17:55:27.175] [DEBUG] cheese - null
[2020-12-03T17:55:27.175] [DEBUG] cheese - null
[2020-12-03T17:55:29.897] [DEBUG] cheese - login => username:admin,password:123456
[2020-12-03T17:55:29.897] [DEBUG] cheese - admin
[2020-12-03T17:55:29.901] [DEBUG] cheese - null
[2020-12-03T17:55:29.901] [DEBUG] cheese - null
[2020-12-03T17:56:08.319] [DEBUG] cheese - login => username:admin,password:123456
[2020-12-03T17:56:08.319] [DEBUG] cheese - admin
[2020-12-03T17:56:08.322] [DEBUG] cheese - null
[2020-12-03T17:56:08.322] [DEBUG] cheese - null
[2020-12-03T17:56:09.020] [DEBUG] cheese - login => username:admin,password:123456
[2020-12-03T17:56:09.020] [DEBUG] cheese - admin
[2020-12-03T17:56:09.024] [DEBUG] cheese - null
[2020-12-03T17:56:09.024] [DEBUG] cheese - null
[2020-12-03T17:56:30.363] [DEBUG] cheese - login => username:admin,password:123456
[2020-12-03T17:56:30.363] [DEBUG] cheese - admin
[2020-12-03T17:56:30.366] [DEBUG] cheese - null
[2020-12-03T17:56:30.366] [DEBUG] cheese - null
[2020-12-03T17:56:30.723] [DEBUG] cheese - login => username:admin,password:123456
[2020-12-03T17:56:30.723] [DEBUG] cheese - admin
[2020-12-03T17:56:30.728] [DEBUG] cheese - null
[2020-12-03T17:56:30.728] [DEBUG] cheese - null
[2020-12-03T17:56:42.549] [DEBUG] cheese - login => username:admin,password:123456
[2020-12-03T17:56:42.549] [DEBUG] cheese - admin
[2020-12-03T17:56:42.552] [DEBUG] cheese - null
[2020-12-03T17:56:42.552] [DEBUG] cheese - null
[2020-12-03T17:57:40.517] [DEBUG] cheese - login => username:admin,password:123456
[2020-12-03T17:57:40.518] [DEBUG] cheese - admin
[2020-12-03T17:57:40.523] [DEBUG] cheese - null
[2020-12-03T17:57:40.524] [DEBUG] cheese - null
[2020-12-03T17:57:45.297] [DEBUG] cheese - login => username:admin,password:123456
[2020-12-03T17:57:45.298] [DEBUG] cheese - admin
[2020-12-03T17:57:45.301] [DEBUG] cheese - null
[2020-12-03T17:57:45.301] [DEBUG] cheese - null
[2020-12-03T17:57:48.289] [DEBUG] cheese - login => username:admin,password:123456
[2020-12-03T17:57:48.289] [DEBUG] cheese - admin
[2020-12-03T17:57:48.294] [DEBUG] cheese - null
[2020-12-03T17:57:48.295] [DEBUG] cheese - null
[2020-12-03T17:58:30.161] [DEBUG] cheese - login => username:admin,password:123456
[2020-12-03T17:58:30.161] [DEBUG] cheese - admin
[2020-12-03T17:58:30.165] [DEBUG] cheese - null
[2020-12-03T17:58:30.165] [DEBUG] cheese - null
[2020-12-03T17:58:40.098] [DEBUG] cheese - login => username:admin,password:123456
[2020-12-03T17:58:40.098] [DEBUG] cheese - admin
[2020-12-03T17:58:40.100] [DEBUG] cheese - null
[2020-12-03T17:58:40.101] [DEBUG] cheese - null
[2020-12-03T18:01:59.150] [DEBUG] cheese - login => username:admin,password:123456
[2020-12-03T18:01:59.150] [DEBUG] cheese - admin
[2020-12-03T18:01:59.152] [DEBUG] cheese - null
[2020-12-03T18:01:59.152] [DEBUG] cheese - null
[2020-12-03T18:02:15.419] [DEBUG] cheese - login => username:admin,password:123456
[2020-12-03T18:02:15.420] [DEBUG] cheese - admin
[2020-12-03T18:02:15.432] [DEBUG] cheese - null
[2020-12-03T18:02:15.432] [DEBUG] cheese - null
[2020-12-03T18:02:31.996] [DEBUG] cheese - login => username:admin,password:123456
[2020-12-03T18:02:31.996] [DEBUG] cheese - admin
[2020-12-03T18:02:31.998] [DEBUG] cheese - null
[2020-12-03T18:02:31.998] [DEBUG] cheese - null
[2020-12-03T18:04:23.203] [DEBUG] cheese - login => username:admin,password:123456
[2020-12-03T18:04:23.203] [DEBUG] cheese - admin
[2020-12-03T18:04:23.206] [DEBUG] cheese - null
[2020-12-03T18:04:23.206] [DEBUG] cheese - null
[2020-12-03T18:04:51.998] [DEBUG] cheese - login => username:admin,password:123456
[2020-12-03T18:04:51.998] [DEBUG] cheese - admin
[2020-12-03T18:04:52.000] [DEBUG] cheese - null
[2020-12-03T18:04:52.000] [DEBUG] cheese - null
[2020-12-04T16:07:42.538] [DEBUG] cheese - login => username:admin,password:123456
[2020-12-04T16:07:42.540] [DEBUG] cheese - admin
[2020-12-04T16:07:42.579] [DEBUG] cheese - null
[2020-12-04T16:07:42.579] [DEBUG] cheese - null
[2020-12-04T16:07:54.902] [DEBUG] cheese - login => username:admin,password:123456
[2020-12-04T16:07:54.902] [DEBUG] cheese - admin
[2020-12-04T16:07:54.905] [DEBUG] cheese - null
[2020-12-04T16:07:54.905] [DEBUG] cheese - null
[2020-12-04T16:08:09.396] [DEBUG] cheese - login => username:admin,password:123456
[2020-12-04T16:08:09.396] [DEBUG] cheese - admin
[2020-12-04T16:08:09.399] [DEBUG] cheese - null
[2020-12-04T16:08:09.399] [DEBUG] cheese - null
[2020-12-04T16:09:32.803] [DEBUG] cheese - login => username:admin,password:123456
[2020-12-04T16:09:32.803] [DEBUG] cheese - admin
[2020-12-04T16:09:32.805] [DEBUG] cheese - null
[2020-12-04T16:09:32.805] [DEBUG] cheese - null
[2020-12-04T16:16:54.197] [DEBUG] cheese - login => username:admin,password:123456
[2020-12-04T16:16:54.197] [DEBUG] cheese - admin
[2020-12-04T16:16:54.201] [DEBUG] cheese - null
[2020-12-04T16:16:54.201] [DEBUG] cheese - null
[2020-12-04T16:51:54.988] [DEBUG] cheese - login => username:admin,password:123456
[2020-12-04T16:51:54.988] [DEBUG] cheese - admin
[2020-12-04T16:51:54.992] [DEBUG] cheese - null
[2020-12-04T16:51:54.992] [DEBUG] cheese - null
[2020-12-04T17:14:17.639] [DEBUG] cheese - login => username:admin,password:123456
[2020-12-04T17:14:17.639] [DEBUG] cheese - admin
[2020-12-04T17:14:17.644] [DEBUG] cheese - null
[2020-12-04T17:14:17.644] [DEBUG] cheese - null
[2020-12-04T17:14:39.086] [DEBUG] cheese - login => username:admin,password:123456
[2020-12-04T17:14:39.086] [DEBUG] cheese - admin
[2020-12-04T17:14:39.088] [DEBUG] cheese - null
[2020-12-04T17:14:39.088] [DEBUG] cheese - null
[2020-12-04T17:14:43.811] [DEBUG] cheese - login => username:admin,password:123456
[2020-12-04T17:14:43.811] [DEBUG] cheese - admin
[2020-12-04T17:14:43.814] [DEBUG] cheese - null
[2020-12-04T17:14:43.814] [DEBUG] cheese - null
[2020-12-07T16:06:45.138] [DEBUG] cheese - login => username:admin,password:123456
[2020-12-07T16:06:45.141] [DEBUG] cheese - admin
[2020-12-07T16:06:45.186] [DEBUG] cheese - null
[2020-12-07T16:06:45.187] [DEBUG] cheese - null
[2020-12-07T16:07:05.139] [DEBUG] cheese - login => username:admin,password:123456
[2020-12-07T16:07:05.139] [DEBUG] cheese - admin
[2020-12-07T16:07:05.145] [DEBUG] cheese - null
[2020-12-07T16:07:05.146] [DEBUG] cheese - null
[2020-12-07T16:09:55.546] [DEBUG] cheese - login => username:admin,password:123456
[2020-12-07T16:09:55.546] [DEBUG] cheese - admin
[2020-12-07T16:09:55.550] [DEBUG] cheese - null
[2020-12-07T16:09:55.550] [DEBUG] cheese - null
[2020-12-07T16:21:00.146] [DEBUG] cheese - login => username:admin,password:123456
[2020-12-07T16:21:00.147] [DEBUG] cheese - admin
[2020-12-07T16:21:00.149] [DEBUG] cheese - null
[2020-12-07T16:21:00.149] [DEBUG] cheese - null
[2020-12-07T17:38:04.892] [DEBUG] cheese - login => username:admin,password:123456
[2020-12-07T17:38:04.894] [DEBUG] cheese - admin
[2020-12-07T17:38:04.901] [DEBUG] cheese - null
[2020-12-07T17:38:04.901] [DEBUG] cheese - null
[2020-12-07T17:39:54.899] [DEBUG] cheese - login => username:admin,password:123456
[2020-12-07T17:39:54.900] [DEBUG] cheese - admin
[2020-12-07T17:39:54.911] [DEBUG] cheese - null
[2020-12-07T17:39:54.911] [DEBUG] cheese - null
[2020-12-08T15:32:39.374] [DEBUG] cheese - login => username:admin,password:123456
[2020-12-08T15:32:39.385] [DEBUG] cheese - admin
[2020-12-08T15:32:39.427] [DEBUG] cheese - null
[2020-12-08T15:32:39.428] [DEBUG] cheese - null
[2020-12-08T15:51:53.718] [DEBUG] cheese - login => username:admin,password:123456
[2020-12-08T15:51:53.718] [DEBUG] cheese - admin
[2020-12-08T15:51:53.721] [DEBUG] cheese - null
[2020-12-08T15:51:53.721] [DEBUG] cheese - null
[2020-12-08T16:08:06.754] [DEBUG] cheese - login => username:admin,password:123456
[2020-12-08T16:08:06.754] [DEBUG] cheese - admin
[2020-12-08T16:08:06.757] [DEBUG] cheese - null
[2020-12-08T16:08:06.757] [DEBUG] cheese - null
[2020-12-08T16:21:22.951] [DEBUG] cheese - login => username:admin,password:123456
[2020-12-08T16:21:22.951] [DEBUG] cheese - admin
[2020-12-08T16:21:22.953] [DEBUG] cheese - null
[2020-12-08T16:21:22.954] [DEBUG] cheese - null
[2020-12-08T18:32:58.759] [DEBUG] cheese - null
[2020-12-08T18:33:24.727] [DEBUG] cheese - null
[2020-12-08T18:33:33.208] [DEBUG] cheese - null
[2020-12-08T18:33:38.742] [DEBUG] cheese - null
[2020-12-08T18:36:05.289] [DEBUG] cheese - null
[2020-12-08T18:42:47.992] [DEBUG] cheese - null
[2020-12-08T18:42:51.038] [DEBUG] cheese - null
[2020-12-08T18:42:54.535] [DEBUG] cheese - null
[2020-12-10T15:57:28.031] [DEBUG] cheese - login => username:admin,password:123456
[2020-12-10T15:57:28.048] [DEBUG] cheese - admin
[2020-12-10T15:57:28.238] [DEBUG] cheese - null
[2020-12-10T15:57:28.239] [DEBUG] cheese - null
[2020-12-10T17:35:12.055] [DEBUG] cheese - login => username:admin,password:123456
[2020-12-10T17:35:12.056] [DEBUG] cheese - admin
[2020-12-10T17:35:12.119] [DEBUG] cheese - null
[2020-12-10T17:35:12.120] [DEBUG] cheese - null
[2020-12-10T17:38:45.778] [DEBUG] cheese - login => username:admin,password:123456
[2020-12-10T17:38:45.778] [DEBUG] cheese - admin
[2020-12-10T17:38:45.781] [DEBUG] cheese - null
[2020-12-10T17:38:45.781] [DEBUG] cheese - null
[2020-12-10T22:52:04.650] [DEBUG] cheese - login => username:admin,password:123456
[2020-12-10T22:52:04.651] [DEBUG] cheese - admin
[2020-12-10T22:52:05.182] [DEBUG] cheese - null
[2020-12-10T22:52:05.183] [DEBUG] cheese - null
[2020-12-10T22:56:15.657] [DEBUG] cheese - login => username:admin,password:9999
[2020-12-10T22:56:15.657] [DEBUG] cheese - admin
[2020-12-10T22:56:15.660] [DEBUG] cheese - null
[2020-12-10T22:56:15.660] [DEBUG] cheese - null
[2020-12-10T22:56:28.773] [DEBUG] cheese - login => username:adminm,password:9999
[2020-12-10T22:56:28.773] [DEBUG] cheese - adminm
[2020-12-10T22:56:28.775] [DEBUG] cheese - null
[2020-12-10T22:56:28.775] [DEBUG] cheese - null
[2020-12-10T22:56:32.683] [DEBUG] cheese - login => username:adminm,password:9999
[2020-12-10T22:56:32.683] [DEBUG] cheese - adminm
[2020-12-10T22:56:32.685] [DEBUG] cheese - null
[2020-12-10T22:56:32.686] [DEBUG] cheese - null
[2020-12-10T22:56:42.109] [DEBUG] cheese - login => username:admin,password:123456
[2020-12-10T22:56:42.109] [DEBUG] cheese - admin
[2020-12-10T22:56:42.112] [DEBUG] cheese - null
[2020-12-10T22:56:42.112] [DEBUG] cheese - null
[2020-12-10T23:29:55.235] [DEBUG] cheese - login => username:admin,password:123456
[2020-12-10T23:29:55.235] [DEBUG] cheese - admin
[2020-12-10T23:29:55.666] [DEBUG] cheese - null
[2020-12-10T23:29:55.666] [DEBUG] cheese - null
[2020-12-11T10:22:42.081] [DEBUG] cheese - login => username:admin,password:123456
[2020-12-11T10:22:42.084] [DEBUG] cheese - admin
[2020-12-11T10:22:42.475] [DEBUG] cheese - null
[2020-12-11T10:22:42.475] [DEBUG] cheese - null
[2020-12-11T10:53:17.546] [DEBUG] cheese - login => username:admin,password:123456
[2020-12-11T10:53:17.546] [DEBUG] cheese - admin
[2020-12-11T10:53:17.644] [DEBUG] cheese - null
[2020-12-11T10:53:17.645] [DEBUG] cheese - null
[2020-12-11T10:55:00.748] [DEBUG] cheese - login => username:admin,password:123456
[2020-12-11T10:55:00.749] [DEBUG] cheese - admin
[2020-12-11T10:55:00.751] [DEBUG] cheese - null
[2020-12-11T10:55:00.751] [DEBUG] cheese - null
[2020-12-11T10:55:15.192] [DEBUG] cheese - login => username:admin,password:123456
[2020-12-11T10:55:15.192] [DEBUG] cheese - admin
[2020-12-11T10:55:15.194] [DEBUG] cheese - null
[2020-12-11T10:55:15.195] [DEBUG] cheese - null
[2020-12-11T10:57:14.391] [DEBUG] cheese - login => username:admin,password:123456
[2020-12-11T10:57:14.392] [DEBUG] cheese - admin
[2020-12-11T10:57:14.395] [DEBUG] cheese - null
[2020-12-11T10:57:14.395] [DEBUG] cheese - null
[2020-12-11T10:59:01.181] [DEBUG] cheese - login => username:admin,password:123456
[2020-12-11T10:59:01.181] [DEBUG] cheese - admin
[2020-12-11T10:59:01.183] [DEBUG] cheese - null
[2020-12-11T10:59:01.183] [DEBUG] cheese - null
[2020-12-11T11:02:11.582] [DEBUG] cheese - login => username:admin,password:123456
[2020-12-11T11:02:11.582] [DEBUG] cheese - admin
[2020-12-11T11:02:11.584] [DEBUG] cheese - null
[2020-12-11T11:02:11.584] [DEBUG] cheese - null
[2020-12-11T11:02:34.025] [DEBUG] cheese - login => username:admin,password:123456
[2020-12-11T11:02:34.026] [DEBUG] cheese - admin
[2020-12-11T11:02:34.029] [DEBUG] cheese - null
[2020-12-11T11:02:34.029] [DEBUG] cheese - null
[2020-12-11T11:03:58.771] [DEBUG] cheese - login => username:admin,password:123456
[2020-12-11T11:03:58.771] [DEBUG] cheese - admin
[2020-12-11T11:03:58.774] [DEBUG] cheese - null
[2020-12-11T11:03:58.774] [DEBUG] cheese - null
[2020-12-11T11:04:57.471] [DEBUG] cheese - login => username:admin,password:123456
[2020-12-11T11:04:57.471] [DEBUG] cheese - admin
[2020-12-11T11:04:57.474] [DEBUG] cheese - null
[2020-12-11T11:04:57.474] [DEBUG] cheese - null
[2020-12-11T11:07:44.394] [DEBUG] cheese - login => username:admin,password:123456
[2020-12-11T11:07:44.394] [DEBUG] cheese - admin
[2020-12-11T11:07:44.396] [DEBUG] cheese - null
[2020-12-11T11:07:44.397] [DEBUG] cheese - null
[2020-12-11T11:07:54.730] [DEBUG] cheese - login => username:admin,password:123456
[2020-12-11T11:07:54.731] [DEBUG] cheese - admin
[2020-12-11T11:07:54.734] [DEBUG] cheese - null
[2020-12-11T11:07:54.734] [DEBUG] cheese - null
[2020-12-11T11:09:49.028] [DEBUG] cheese - login => username:admin,password:123456
[2020-12-11T11:09:49.028] [DEBUG] cheese - admin
[2020-12-11T11:09:49.031] [DEBUG] cheese - null
[2020-12-11T11:09:49.031] [DEBUG] cheese - null
[2020-12-11T11:10:20.198] [DEBUG] cheese - login => username:admin,password:123456
[2020-12-11T11:10:20.198] [DEBUG] cheese - admin
[2020-12-11T11:10:20.200] [DEBUG] cheese - null
[2020-12-11T11:10:20.200] [DEBUG] cheese - null
[2020-12-11T11:13:01.219] [DEBUG] cheese - login => username:admin,password:123456
[2020-12-11T11:13:01.220] [DEBUG] cheese - admin
[2020-12-11T11:13:01.223] [DEBUG] cheese - null
[2020-12-11T11:13:01.223] [DEBUG] cheese - null
[2020-12-11T11:15:23.515] [DEBUG] cheese - login => username:admin,password:123456
[2020-12-11T11:15:23.515] [DEBUG] cheese - admin
[2020-12-11T11:15:23.518] [DEBUG] cheese - null
[2020-12-11T11:15:23.518] [DEBUG] cheese - null
[2020-12-11T11:35:51.224] [DEBUG] cheese - login => username:admin,password:123456
[2020-12-11T11:35:51.224] [DEBUG] cheese - admin
[2020-12-11T11:35:51.228] [DEBUG] cheese - null
[2020-12-11T11:35:51.228] [DEBUG] cheese - null
[2020-12-11T14:10:11.467] [DEBUG] cheese - login => username:admin,password:123456
[2020-12-11T14:10:11.468] [DEBUG] cheese - admin
[2020-12-11T14:10:11.475] [DEBUG] cheese - null
[2020-12-11T14:10:11.476] [DEBUG] cheese - null
[2020-12-11T15:43:11.507] [DEBUG] cheese - login => username:admin,password:123456
[2020-12-11T15:43:11.507] [DEBUG] cheese - admin
[2020-12-11T15:43:11.530] [DEBUG] cheese - null
[2020-12-11T15:43:11.530] [DEBUG] cheese - null
